C:\USERS\KANAVI\DOCUMENTS\VISUAL STUDIO 2010\PROJECTS\BORDER OF LIFE\BORDER OF LIFE\DEBUG\BORDER OF LIFE.EXE.EMBED.MANIFEST
C:\USERS\KANAVI\DOCUMENTS\VISUAL STUDIO 2010\PROJECTS\BORDER OF LIFE\BORDER OF LIFE\DEBUG\BORDER OF LIFE.EXE.EMBED.MANIFEST.RES
C:\USERS\KANAVI\DOCUMENTS\VISUAL STUDIO 2010\PROJECTS\BORDER OF LIFE\BORDER OF LIFE\DEBUG\BORDER OF LIFE.EXE.INTERMEDIATE.MANIFEST
C:\Users\Kanavi\documents\visual studio 2010\Projects\border of life\border of life\Debug\border of life_manifest.rc
C:\Users\Kanavi\documents\visual studio 2010\Projects\border of life\border of life\Debug\cl.command.1.tlog
C:\Users\Kanavi\documents\visual studio 2010\Projects\border of life\border of life\Debug\CL.read.1.tlog
C:\Users\Kanavi\documents\visual studio 2010\Projects\border of life\border of life\Debug\CL.write.1.tlog
C:\Users\Kanavi\documents\visual studio 2010\Projects\border of life\border of life\Debug\link.5100.read.1.tlog
C:\Users\Kanavi\documents\visual studio 2010\Projects\border of life\border of life\Debug\link.5100.write.1.tlog
C:\Users\Kanavi\documents\visual studio 2010\Projects\border of life\border of life\Debug\link.5100-cvtres.read.1.tlog
C:\Users\Kanavi\documents\visual studio 2010\Projects\border of life\border of life\Debug\link.5100-cvtres.write.1.tlog
C:\Users\Kanavi\documents\visual studio 2010\Projects\border of life\border of life\Debug\link.command.1.tlog
C:\Users\Kanavi\documents\visual studio 2010\Projects\border of life\border of life\Debug\link.read.1.tlog
C:\Users\Kanavi\documents\visual studio 2010\Projects\border of life\border of life\Debug\link.write.1.tlog
C:\Users\Kanavi\documents\visual studio 2010\Projects\border of life\border of life\Debug\link-cvtres.read.1.tlog
C:\Users\Kanavi\documents\visual studio 2010\Projects\border of life\border of life\Debug\link-cvtres.write.1.tlog
C:\Users\Kanavi\documents\visual studio 2010\Projects\border of life\border of life\Debug\mt.command.1.tlog
C:\Users\Kanavi\documents\visual studio 2010\Projects\border of life\border of life\Debug\mt.read.1.tlog
C:\Users\Kanavi\documents\visual studio 2010\Projects\border of life\border of life\Debug\mt.write.1.tlog
C:\Users\Kanavi\documents\visual studio 2010\Projects\border of life\border of life\Debug\rc.command.1.tlog
C:\Users\Kanavi\documents\visual studio 2010\Projects\border of life\border of life\Debug\rc.read.1.tlog
C:\Users\Kanavi\documents\visual studio 2010\Projects\border of life\border of life\Debug\rc.write.1.tlog
C:\USERS\KANAVI\DOCUMENTS\VISUAL STUDIO 2010\PROJECTS\BORDER OF LIFE\BORDER OF LIFE\DEBUG\USW13.OBJ
C:\Users\Kanavi\documents\visual studio 2010\Projects\border of life\border of life\Debug\vc100.idb
C:\USERS\KANAVI\DOCUMENTS\VISUAL STUDIO 2010\PROJECTS\BORDER OF LIFE\BORDER OF LIFE\DEBUG\VC100.PDB
C:\USERS\KANAVI\DOCUMENTS\VISUAL STUDIO 2010\PROJECTS\BORDER OF LIFE\DEBUG\BORDER OF LIFE.EXE
C:\USERS\KANAVI\DOCUMENTS\VISUAL STUDIO 2010\PROJECTS\BORDER OF LIFE\DEBUG\BORDER OF LIFE.ILK
C:\USERS\KANAVI\DOCUMENTS\VISUAL STUDIO 2010\PROJECTS\BORDER OF LIFE\DEBUG\BORDER OF LIFE.PDB
